nohup: ignoring input
===== PolitiFact 硬标签 =====
--- seed=42 Thu Apr 30 15:10:17 CST 2026 ---

[Surface] 完成。ckpt: ./results/models/socialdebias_politifact_en_seed42_nli_hard.pt
          best val F1: 0.7375, best test F1: 0.785687429502444
--- seed=2024 Thu Apr 30 15:12:09 CST 2026 ---

[Surface] 完成。ckpt: ./results/models/socialdebias_politifact_en_seed2024_nli_hard.pt
          best val F1: 0.8864, best test F1: 0.855108359133127
--- seed=3407 Thu Apr 30 15:14:04 CST 2026 ---

[Surface] 完成。ckpt: ./results/models/socialdebias_politifact_en_seed3407_nli_hard.pt
          best val F1: 0.8328, best test F1: 0.855108359133127
===== PolitiFact 软标签 =====
--- seed=42 Thu Apr 30 15:16:12 CST 2026 ---

[Surface] 完成。ckpt: ./results/models/socialdebias_politifact_en_seed42_nli_soft.pt
          best val F1: 0.7349, best test F1: 0.761694616063548
--- seed=2024 Thu Apr 30 15:18:07 CST 2026 ---

[Surface] 完成。ckpt: ./results/models/socialdebias_politifact_en_seed2024_nli_soft.pt
          best val F1: 0.8864, best test F1: 0.8208063713290195
--- seed=3407 Thu Apr 30 15:20:02 CST 2026 ---

[Surface] 完成。ckpt: ./results/models/socialdebias_politifact_en_seed3407_nli_soft.pt
          best val F1: 0.8305, best test F1: 0.785687429502444
===== GossipCop 硬标签 =====
--- seed=42 Thu Apr 30 15:21:57 CST 2026 ---

[Surface] 完成。ckpt: ./results/models/socialdebias_gossipcop_en_seed42_nli_hard.pt
          best val F1: 0.7092, best test F1: 0.6672420058139534
--- seed=2024 Thu Apr 30 15:35:46 CST 2026 ---

[Surface] 完成。ckpt: ./results/models/socialdebias_gossipcop_en_seed2024_nli_hard.pt
          best val F1: 0.7104, best test F1: 0.7048511228586545
--- seed=3407 Thu Apr 30 15:50:21 CST 2026 ---

[Surface] 完成。ckpt: ./results/models/socialdebias_gossipcop_en_seed3407_nli_hard.pt
          best val F1: 0.6852, best test F1: 0.6582399297873508
===== GossipCop 软标签 =====
--- seed=42 Thu Apr 30 16:04:57 CST 2026 ---

[Surface] 完成。ckpt: ./results/models/socialdebias_gossipcop_en_seed42_nli_soft.pt
          best val F1: 0.7596, best test F1: 0.7058498191531315
--- seed=2024 Thu Apr 30 16:19:06 CST 2026 ---

[Surface] 完成。ckpt: ./results/models/socialdebias_gossipcop_en_seed2024_nli_soft.pt
          best val F1: 0.6860, best test F1: 0.6900103031764473
--- seed=3407 Thu Apr 30 16:33:55 CST 2026 ---

[Surface] 完成。ckpt: ./results/models/socialdebias_gossipcop_en_seed3407_nli_soft.pt
          best val F1: 0.6789, best test F1: 0.6613191445000215
===== Weibo21 硬标签 =====
--- seed=42 Thu Apr 30 16:48:44 CST 2026 ---
  File "/root/miniconda3/lib/python3.12/site-packages/pandas/core/indexes/base.py", line 3648, in get_loc
    raise KeyError(key) from err
KeyError: 'news'
--- seed=2024 Thu Apr 30 16:49:12 CST 2026 ---
  File "/root/miniconda3/lib/python3.12/site-packages/pandas/core/indexes/base.py", line 3648, in get_loc
    raise KeyError(key) from err
KeyError: 'news'
--- seed=3407 Thu Apr 30 16:49:47 CST 2026 ---
  File "/root/miniconda3/lib/python3.12/site-packages/pandas/core/indexes/base.py", line 3648, in get_loc
    raise KeyError(key) from err
KeyError: 'news'
===== Weibo21 软标签 =====
--- seed=42 Thu Apr 30 16:50:15 CST 2026 ---
  File "/root/miniconda3/lib/python3.12/site-packages/pandas/core/indexes/base.py", line 3648, in get_loc
    raise KeyError(key) from err
KeyError: 'news'
--- seed=2024 Thu Apr 30 16:50:45 CST 2026 ---
  File "/root/miniconda3/lib/python3.12/site-packages/pandas/core/indexes/base.py", line 3648, in get_loc
    raise KeyError(key) from err
KeyError: 'news'
--- seed=3407 Thu Apr 30 16:51:13 CST 2026 ---
  File "/root/miniconda3/lib/python3.12/site-packages/pandas/core/indexes/base.py", line 3648, in get_loc
    raise KeyError(key) from err
KeyError: 'news'
