nohup: ignoring input
===== Weibo21 硬标签 =====
--- seed=42 Mon May  4 13:28:07 CST 2026 ---

[Surface] 完成。ckpt: ./results/models/socialdebias_weibo21_zh_seed42_nli_hard.pt
          best val F1: 0.7247, best test F1: 0.7112130368939833
--- seed=2024 Mon May  4 13:39:56 CST 2026 ---

[Surface] 完成。ckpt: ./results/models/socialdebias_weibo21_zh_seed2024_nli_hard.pt
          best val F1: 0.7740, best test F1: 0.7716861720354323
--- seed=3407 Mon May  4 13:51:43 CST 2026 ---

[Surface] 完成。ckpt: ./results/models/socialdebias_weibo21_zh_seed3407_nli_hard.pt
          best val F1: 0.7197, best test F1: 0.7161669908137928
===== Weibo21 软标签 =====
--- seed=42 Mon May  4 14:03:29 CST 2026 ---

[Surface] 完成。ckpt: ./results/models/socialdebias_weibo21_zh_seed42_nli_soft.pt
          best val F1: 0.7533, best test F1: 0.7527571203600656
--- seed=2024 Mon May  4 14:14:59 CST 2026 ---

[Surface] 完成。ckpt: ./results/models/socialdebias_weibo21_zh_seed2024_nli_soft.pt
          best val F1: 0.7500, best test F1: 0.745948541409801
--- seed=3407 Mon May  4 14:26:51 CST 2026 ---

[Surface] 完成。ckpt: ./results/models/socialdebias_weibo21_zh_seed3407_nli_soft.pt
          best val F1: 0.7573, best test F1: 0.750474514138784
