nohup: ignoring input
===== GossipCop 候选 A (alpha_floor=0.0) =====
--- seed=42 Mon May  4 15:39:45 CST 2026 ---

[Surface] 完成。ckpt: ./results/models/socialdebias_gossipcop_en_seed42_nli_soft_floor0.pt
          best val F1: 0.7066, best test F1: 0.6781843922326863
--- seed=2024 Mon May  4 15:54:53 CST 2026 ---

[Surface] 完成。ckpt: ./results/models/socialdebias_gossipcop_en_seed2024_nli_soft_floor0.pt
          best val F1: 0.7010, best test F1: 0.6692593452519155
--- seed=3407 Mon May  4 16:10:00 CST 2026 ---

[Surface] 完成。ckpt: ./results/models/socialdebias_gossipcop_en_seed3407_nli_soft_floor0.pt
          best val F1: 0.6508, best test F1: 0.6341371447040023
===== Weibo21 候选 A (alpha_floor=0.0) =====
--- seed=42 Mon May  4 16:24:42 CST 2026 ---

[Surface] 完成。ckpt: ./results/models/socialdebias_weibo21_zh_seed42_nli_soft_floor0.pt
          best val F1: 0.7840, best test F1: 0.7680248692314877
--- seed=2024 Mon May  4 16:37:03 CST 2026 ---

[Surface] 完成。ckpt: ./results/models/socialdebias_weibo21_zh_seed2024_nli_soft_floor0.pt
          best val F1: 0.7695, best test F1: 0.7560973169236395
--- seed=3407 Mon May  4 16:49:15 CST 2026 ---

[Surface] 完成。ckpt: ./results/models/socialdebias_weibo21_zh_seed3407_nli_soft_floor0.pt
          best val F1: 0.7500, best test F1: 0.7451836520139299
