nohup: ignoring input
===== 意见 14 字面兑现：分类软标签 (lambda_fact_soft=0.5, soft_label_floor=0.5) =====
----- PolitiFact -----
--- politifact seed=42 Mon May  4 17:42:53 CST 2026 ---

[Surface] 完成。ckpt: ./results/models/socialdebias_politifact_en_seed42_nli_soft14.pt
          best val F1: 0.9255, best test F1: 0.8664027709054923
--- politifact seed=2024 Mon May  4 17:44:49 CST 2026 ---

[Surface] 完成。ckpt: ./results/models/socialdebias_politifact_en_seed2024_nli_soft14.pt
          best val F1: 0.9814, best test F1: 0.8664027709054923
--- politifact seed=3407 Mon May  4 17:46:36 CST 2026 ---

[Surface] 完成。ckpt: ./results/models/socialdebias_politifact_en_seed3407_nli_soft14.pt
          best val F1: 0.9444, best test F1: 0.85553772070626
----- GossipCop -----
--- gossipcop seed=42 Mon May  4 17:49:18 CST 2026 ---

[Surface] 完成。ckpt: ./results/models/socialdebias_gossipcop_en_seed42_nli_soft14.pt
          best val F1: 0.7832, best test F1: 0.7411764705882353
--- gossipcop seed=2024 Mon May  4 18:03:18 CST 2026 ---

[Surface] 完成。ckpt: ./results/models/socialdebias_gossipcop_en_seed2024_nli_soft14.pt
          best val F1: 0.7667, best test F1: 0.7532314017730952
--- gossipcop seed=3407 Mon May  4 18:17:29 CST 2026 ---

[Surface] 完成。ckpt: ./results/models/socialdebias_gossipcop_en_seed3407_nli_soft14.pt
          best val F1: 0.8100, best test F1: 0.759468834182859
----- Weibo21 -----
--- weibo21 seed=42 Mon May  4 18:32:54 CST 2026 ---

[Surface] 完成。ckpt: ./results/models/socialdebias_weibo21_zh_seed42_nli_soft14.pt
          best val F1: 0.9129, best test F1: 0.9017032031578562
--- weibo21 seed=2024 Mon May  4 18:45:15 CST 2026 ---

[Surface] 完成。ckpt: ./results/models/socialdebias_weibo21_zh_seed2024_nli_soft14.pt
          best val F1: 0.9070, best test F1: 0.9102008857303583
--- weibo21 seed=3407 Mon May  4 18:56:55 CST 2026 ---

[Surface] 完成。ckpt: ./results/models/socialdebias_weibo21_zh_seed3407_nli_soft14.pt
          best val F1: 0.9197, best test F1: 0.9082798736479705
