nohup: ignoring input
===== lambda_fact_soft 扫描 (PolitiFact seed=42 1epoch) =====
--- lambda_fact_soft=0.0 Mon May  4 17:25:55 CST 2026 ---
[ContrastiveDataset] 加载完成
[E1] 19s | total=0.9972 fact=0.5850 fact_soft=0.0000 bias=0.6954 consist=0.2150 contrast=0.1616
        val acc=0.7222 f1=0.7198 auc=0.7683
        ⭐ 新最佳 test acc=0.8111 f1=0.8109
[Surface] 完成。ckpt: ./results/models/socialdebias_politifact_en_seed42_scan_lam0.0.pt
--- lambda_fact_soft=0.1 Mon May  4 17:27:05 CST 2026 ---
[ContrastiveDataset] 加载完成
[E1] 19s | total=0.9972 fact=0.5850 fact_soft=0.5900 bias=0.6954 consist=0.2150 contrast=0.1623
        val acc=0.8148 f1=0.8148 auc=0.9076
        ⭐ 新最佳 test acc=0.8111 f1=0.8109
[Surface] 完成。ckpt: ./results/models/socialdebias_politifact_en_seed42_scan_lam0.1.pt
--- lambda_fact_soft=0.3 Mon May  4 17:28:12 CST 2026 ---
[ContrastiveDataset] 加载完成
[E1] 19s | total=0.9972 fact=0.5850 fact_soft=0.5715 bias=0.6954 consist=0.2150 contrast=0.1745
        val acc=0.9074 f1=0.9071 auc=0.9614
        ⭐ 新最佳 test acc=0.8444 f1=0.8444
[Surface] 完成。ckpt: ./results/models/socialdebias_politifact_en_seed42_scan_lam0.3.pt
--- lambda_fact_soft=0.5 Mon May  4 17:29:24 CST 2026 ---
[ContrastiveDataset] 加载完成
[E1] 19s | total=0.9972 fact=0.5850 fact_soft=0.5644 bias=0.6954 consist=0.2150 contrast=0.1893
        val acc=0.9259 f1=0.9255 auc=0.9669
        ⭐ 新最佳 test acc=0.8667 f1=0.8664
[Surface] 完成。ckpt: ./results/models/socialdebias_politifact_en_seed42_scan_lam0.5.pt
--- lambda_fact_soft=1.0 Mon May  4 17:30:48 CST 2026 ---
[ContrastiveDataset] 加载完成
[E1] 19s | total=0.9972 fact=0.5850 fact_soft=0.5573 bias=0.6954 consist=0.2150 contrast=0.2241
        val acc=0.9074 f1=0.9066 auc=0.9752
        ⭐ 新最佳 test acc=0.8333 f1=0.8328
[Surface] 完成。ckpt: ./results/models/socialdebias_politifact_en_seed42_scan_lam1.0.pt
